<?xml version="1.0" encoding="UTF-8"?>
<testsuite xmlns:xsi="http://www.w3.org/2001/XMLSchema-instance" xsi:noNamespaceSchemaLocation="https://maven.apache.org/surefire/maven-surefire-plugin/xsd/surefire-test-report.xsd" name="EfficientServerTest" time="6.068" tests="2" errors="0" skipped="0" failures="0">
  <properties>
[...]
</properties>
  <testcase name="performance" classname="EfficientServerTest" time="5.058"/>
  <testcase name="simpleShort" classname="EfficientServerTest" time="1.006"/>
</testsuite>