<?xml version="1.0" encoding="UTF-8"?>
<testsuite xmlns:xsi="http://www.w3.org/2001/XMLSchema-instance" xsi:noNamespaceSchemaLocation="https://maven.apache.org/surefire/maven-surefire-plugin/xsd/surefire-test-report.xsd" name="cz.cvut.fel.esw.nonblock.map.VmlensStringSetTest" time="0.132" tests="5" errors="0" skipped="0" failures="0">
  <properties>
[...]
</properties>
  <testcase name="cz.cvut.fel.esw.nonblock.map.VmlensStringSetTest.testTwoAddsBasic" classname="cz.cvut.fel.esw.nonblock.map.VmlensStringSetTest" time="0.054"/>
  <testcase name="cz.cvut.fel.esw.nonblock.map.VmlensStringSetTest.testTwoAddsRunner" classname="cz.cvut.fel.esw.nonblock.map.VmlensStringSetTest" time="0.039"/>
  <testcase name="cz.cvut.fel.esw.nonblock.map.VmlensStringSetTest.testTwoAddsAlreadyContainedRunner" classname="cz.cvut.fel.esw.nonblock.map.VmlensStringSetTest" time="0.006"/>
  <testcase name="cz.cvut.fel.esw.nonblock.map.VmlensStringSetTest.testMultipleIdenticalAddsRunner" classname="cz.cvut.fel.esw.nonblock.map.VmlensStringSetTest" time="0.007"/>
  <testcase name="cz.cvut.fel.esw.nonblock.map.VmlensStringSetTest.testMultipleMultipleIdenticalAddsRunner" classname="cz.cvut.fel.esw.nonblock.map.VmlensStringSetTest" time="0.02"/>
</testsuite>